# JRE version: Java(TM) SE Runtime Environment (7.0_51-b13) (build 1.7.0_51-b13)
# Java VM: Java HotSpot(TM) 64-Bit Server VM (24.51-b03 mixed mode linux-amd64 compressed oops)
Heap
 PSYoungGen      total 18944K, used 9785K [0x00000000eb680000, 0x00000000ecb80000, 0x0000000100000000)
  eden space 16384K, 50% used [0x00000000eb680000,0x00000000ebe91858,0x00000000ec680000)
  from space 2560K, 59% used [0x00000000ec900000,0x00000000eca7cdf8,0x00000000ecb80000)
  to   space 2560K, 0% used [0x00000000ec680000,0x00000000ec680000,0x00000000ec900000)
 ParOldGen       total 41984K, used 16K [0x00000000c2400000, 0x00000000c4d00000, 0x00000000eb680000)
  object space 41984K, 0% used [0x00000000c2400000,0x00000000c2404000,0x00000000c4d00000)
 PSPermGen       total 21504K, used 7703K [0x00000000bd200000, 0x00000000be700000, 0x00000000c2400000)
  object space 21504K, 35% used [0x00000000bd200000,0x00000000bd985ed0,0x00000000be700000)
GC Heap History (4 events):
Event: 1.606 GC heap before
{Heap before GC invocations=1 (full 0):
 PSYoungGen      total 18944K, used 12895K [0x00000000eb680000, 0x00000000ecb80000, 0x0000000100000000)
  eden space 16384K, 78% used [0x00000000eb680000,0x00000000ec317c80,0x00000000ec680000)
  from space 2560K, 0% used [0x00000000ec900000,0x00000000ec900000,0x00000000ecb80000)
  to   space 2560K, 0% used [0x00000000ec680000,0x00000000ec680000,0x00000000ec900000)
 ParOldGen       total 41984K, used 0K [0x00000000c2400000, 0x00000000c4d00000, 0x00000000eb680000)
  object space 41984K, 0% used [0x00000000c2400000,0x00000000c2400000,0x00000000c4d00000)
 PSPermGen       total 21504K, used 6804K [0x00000000bd200000, 0x00000000be700000, 0x00000000c2400000)
  object space 21504K, 31% used [0x00000000bd200000,0x00000000bd8a51b0,0x00000000be700000)
Event: 1.617 GC heap after
Heap after GC invocations=1 (full 0):
 PSYoungGen      total 18944K, used 2020K [0x00000000eb680000, 0x00000000ecb80000, 0x0000000100000000)
  eden space 16384K, 0% used [0x00000000eb680000,0x00000000eb680000,0x00000000ec680000)
  from space 2560K, 78% used [0x00000000ec680000,0x00000000ec879040,0x00000000ec900000)
  to   space 2560K, 0% used [0x00000000ec900000,0x00000000ec900000,0x00000000ecb80000)
 ParOldGen       total 41984K, used 8K [0x00000000c2400000, 0x00000000c4d00000, 0x00000000eb680000)
  object space 41984K, 0% used [0x00000000c2400000,0x00000000c2402000,0x00000000c4d00000)
 PSPermGen       total 21504K, used 6804K [0x00000000bd200000, 0x00000000be700000, 0x00000000c2400000)
  object space 21504K, 31% used [0x00000000bd200000,0x00000000bd8a51b0,0x00000000be700000)
}
Event: 146.922 GC heap before
{Heap before GC invocations=2 (full 0):
 PSYoungGen      total 18944K, used 15583K [0x00000000eb680000, 0x00000000ecb80000, 0x0000000100000000)
  eden space 16384K, 82% used [0x00000000eb680000,0x00000000ec3bef28,0x00000000ec680000)
  from space 2560K, 78% used [0x00000000ec680000,0x00000000ec879040,0x00000000ec900000)
  to   space 2560K, 0% used [0x00000000ec900000,0x00000000ec900000,0x00000000ecb80000)
 ParOldGen       total 41984K, used 8K [0x00000000c2400000, 0x00000000c4d00000, 0x00000000eb680000)
  object space 41984K, 0% used [0x00000000c2400000,0x00000000c2402000,0x00000000c4d00000)
 PSPermGen       total 21504K, used 7658K [0x00000000bd200000, 0x00000000be700000, 0x00000000c2400000)
  object space 21504K, 35% used [0x00000000bd200000,0x00000000bd97aa48,0x00000000be700000)
Event: 146.928 GC heap after
Heap after GC invocations=2 (full 0):
 PSYoungGen      total 18944K, used 1523K [0x00000000eb680000, 0x00000000ecb80000, 0x0000000100000000)
  eden space 16384K, 0% used [0x00000000eb680000,0x00000000eb680000,0x00000000ec680000)
  from space 2560K, 59% used [0x00000000ec900000,0x00000000eca7cdf8,0x00000000ecb80000)
  to   space 2560K, 0% used [0x00000000ec680000,0x00000000ec680000,0x00000000ec900000)
 ParOldGen       total 41984K, used 16K [0x00000000c2400000, 0x00000000c4d00000, 0x00000000eb680000)
  object space 41984K, 0% used [0x00000000c2400000,0x00000000c2404000,0x00000000c4d00000)
 PSPermGen       total 21504K, used 7658K [0x00000000bd200000, 0x00000000be700000, 0x00000000c2400000)
  object space 21504K, 35% used [0x00000000bd200000,0x00000000bd97aa48,0x00000000be700000)
}

